Name: Madeleine Gradney
Student ID: 0022
gradney@chapman.edu
CPSC 350-01


Sum: 100
Mean: 3.7037
Variance: 2.2085
Standard Deviation: 1.4861


Probability of A: 0
Probability of T: 0
Probability of C: 0
Probability of G: 0


Probability of AA: 0
Probability of AT: 0
Probability of AC: 0
Probability of AG: 0
Probability of TA: 0
Probability of TT: 0
Probability of TC: 0
Probability of TG: 0
Probability of CA: 0
Probability of CT: 0
Probability of CC: 0
Probability of CG: 0
Probability of GA: 0
Probability of GT: 0
Probability of GC: 0
Probability of GG: 0
